Using pre-set license
Built from '2020.3/staging' branch; Version is '2020.3.0f1 (c7b5465681fb) revision 13088070'; Using compiler version '192528614'; Build Type 'Release'
OS: 'Windows 10 Home; OS build 19042.928; Version 2009; 64bit' Language: 'ru' Physical Memory: 8016 MB
BatchMode: 1, IsHumanControllingUs: 0, StartBugReporterOnCrash: 0, Is64bit: 1, IsPro: 0

 COMMAND LINE ARGUMENTS:
D:\Program Files\2020.3.0f1\Editor\Unity.exe
-adb2
-batchMode
-noUpm
-name
AssetImportWorker0
-projectPath
D:/Coding/Job Find/YODE/Yode-Test-Project
-logFile
Logs/AssetImportWorker0.log
-srvPort
58410
Successfully changed project path to: D:/Coding/Job Find/YODE/Yode-Test-Project
D:/Coding/Job Find/YODE/Yode-Test-Project
Using Asset Import Pipeline V2.
Refreshing native plugins compatible for Editor in 204.25 ms, found 2 plugins.
Preloading 0 native plugins for Editor in 0.00 ms.
Initialize engine version: 2020.3.0f1 (c7b5465681fb)
[Subsystems] Discovering subsystems at path D:/Program Files/2020.3.0f1/Editor/Data/Resources/UnitySubsystems
[Subsystems] Discovering subsystems at path D:/Coding/Job Find/YODE/Yode-Test-Project/Assets
GfxDevice: creating device client; threaded=0
Direct3D:
    Version:  Direct3D 11.0 [level 11.1]
    Renderer: Intel(R) UHD Graphics 600 (ID=0x3185)
    Vendor:   
    VRAM:     4008 MB
    Driver:   27.20.100.8682
Initialize mono
Mono path[0] = 'D:/Program Files/2020.3.0f1/Editor/Data/Managed'
Mono path[1] = 'D:/Program Files/2020.3.0f1/Editor/Data/MonoBleedingEdge/lib/mono/unityjit'
Mono config path = 'D:/Program Files/2020.3.0f1/Editor/Data/MonoBleedingEdge/etc'
Using monoOptions --debugger-agent=transport=dt_socket,embedding=1,server=y,suspend=n,address=127.0.0.1:56176
Begin MonoManager ReloadAssembly
Registering precompiled unity dll's ...
Register platform support module: D:/Program Files/2020.3.0f1/Editor/Data/PlaybackEngines/WindowsStandaloneSupport/UnityEditor.WindowsStandalone.Extensions.dll
Registered in 0.003273 seconds.
Native extension for WindowsStandalone target not found
Refreshing native plugins compatible for Editor in 118.84 ms, found 2 plugins.
Preloading 0 native plugins for Editor in 0.00 ms.
Invoked RoslynAnalysisRunner static constructor.
RoslynAnalysisRunner will not be running.
RoslynAnalysisRunner has terminated.
Mono: successfully reloaded assembly
- Completed reload, in  5.961 seconds
Platform modules already initialized, skipping
Registering precompiled user dll's ...
Registered in 0.016996 seconds.
Begin MonoManager ReloadAssembly
Native extension for WindowsStandalone target not found
Refreshing native plugins compatible for Editor in 2.53 ms, found 2 plugins.
Preloading 0 native plugins for Editor in 0.00 ms.
Invoked RoslynAnalysisRunner static constructor.
RoslynAnalysisRunner will not be running.
RoslynAnalysisRunner has terminated.
RefreshInfo: StopAssetImportingV2(NoUpdateAssetOptions) scanfilter: 
RefreshProfiler: Total: 0.000ms
Mono: successfully reloaded assembly
- Completed reload, in  2.550 seconds
Platform modules already initialized, skipping
========================================================================
Worker process is ready to serve import requests
Launched and connected shader compiler UnityShaderCompiler.exe after 0.13 seconds
Refreshing native plugins compatible for Editor in 2.52 ms, found 2 plugins.
Preloading 0 native plugins for Editor in 0.00 ms.
Unloading 4 Unused Serialized files (Serialized files now loaded: 0)
System memory in use before: 46.6 MB.
System memory in use after: 46.6 MB.

Unloading 68 unused Assets to reduce memory usage. Loaded Objects now: 2427.
Total: 7.884700 ms (FindLiveObjects: 1.107900 ms CreateObjectMapping: 0.613800 ms MarkObjects: 5.413700 ms  DeleteObjects: 0.744400 ms)

========================================================================
Received Import Request.
  path: Assets/AddressableAssetsData/AddressableAssetSettings.asset
  artifactKey: Guid(24dbb7718eefdaa43a7a82b97c27c599) Importer(815301076,1909f56bfc062723c751e8b465ee728b)
Start importing Assets/AddressableAssetsData/AddressableAssetSettings.asset using Guid(24dbb7718eefdaa43a7a82b97c27c599) Importer(815301076,1909f56bfc062723c751e8b465ee728b)  -> (artifact id: 'e2e1a28fd772a26646e53fbb17799d67') in 0.127530 seconds
  Import took 0.135638 seconds .

========================================================================
Received Import Request.
  Time since last request: 0.002540 seconds.
  path: Assets/AddressableAssetsData/DefaultObject.asset
  artifactKey: Guid(bfd52fc1c304f044bb4bee54ad6aead6) Importer(815301076,1909f56bfc062723c751e8b465ee728b)
Start importing Assets/AddressableAssetsData/DefaultObject.asset using Guid(bfd52fc1c304f044bb4bee54ad6aead6) Importer(815301076,1909f56bfc062723c751e8b465ee728b)  -> (artifact id: '92edef472d08d5d8445acc2db77124cd') in 0.033303 seconds
  Import took 0.075184 seconds .

========================================================================
Received Import Request.
  Time since last request: 395.983111 seconds.
  path: Assets/AddressableAssetsData/AssetGroups/Built In Data.asset
  artifactKey: Guid(a0c41f094477cb849ba62adc4a0a7f7d) Importer(815301076,1909f56bfc062723c751e8b465ee728b)
Start importing Assets/AddressableAssetsData/AssetGroups/Built In Data.asset using Guid(a0c41f094477cb849ba62adc4a0a7f7d) Importer(815301076,1909f56bfc062723c751e8b465ee728b)  -> (artifact id: '0d4ffddb02d4bd2e527e71e50038c67c') in 0.043299 seconds
  Import took 0.052713 seconds .

========================================================================
Received Import Request.
  Time since last request: 0.000510 seconds.
  path: Assets/AddressableAssetsData/AssetGroups/Default Local Group.asset
  artifactKey: Guid(955173209b2a0a84389491adcbce9343) Importer(815301076,1909f56bfc062723c751e8b465ee728b)
Start importing Assets/AddressableAssetsData/AssetGroups/Default Local Group.asset using Guid(955173209b2a0a84389491adcbce9343) Importer(815301076,1909f56bfc062723c751e8b465ee728b)  -> (artifact id: '2b2d0fd0fda85bceec9d4d442fe382a7') in 0.055453 seconds
  Import took 0.065800 seconds .

========================================================================
Received Import Request.
  Time since last request: 0.000899 seconds.
  path: Assets/AddressableAssetsData/AssetGroups/Packed Assets.asset
  artifactKey: Guid(a3d7a1a0cf39fd64fa24ecfee63b650e) Importer(815301076,1909f56bfc062723c751e8b465ee728b)
Start importing Assets/AddressableAssetsData/AssetGroups/Packed Assets.asset using Guid(a3d7a1a0cf39fd64fa24ecfee63b650e) Importer(815301076,1909f56bfc062723c751e8b465ee728b)  -> (artifact id: '6a64249ec4229a698c7cb1031f396dd1') in 0.056629 seconds
  Import took 0.065782 seconds .

========================================================================
Received Import Request.
  Time since last request: 43.930415 seconds.
  path: Assets/AddressableAssetsData/AddressableAssetSettings.asset
  artifactKey: Guid(24dbb7718eefdaa43a7a82b97c27c599) Importer(815301076,1909f56bfc062723c751e8b465ee728b)
Start importing Assets/AddressableAssetsData/AddressableAssetSettings.asset using Guid(24dbb7718eefdaa43a7a82b97c27c599) Importer(815301076,1909f56bfc062723c751e8b465ee728b)  -> (artifact id: 'e18aff6582ac461c00bc27df99b0900e') in 0.022491 seconds
  Import took 0.030442 seconds .

========================================================================
Received Import Request.
  Time since last request: 0.013664 seconds.
  path: Assets/AddressableAssetsData/AddressableAssetSettings.asset
  artifactKey: Guid(24dbb7718eefdaa43a7a82b97c27c599) Importer(815301076,1909f56bfc062723c751e8b465ee728b)
Start importing Assets/AddressableAssetsData/AddressableAssetSettings.asset using Guid(24dbb7718eefdaa43a7a82b97c27c599) Importer(815301076,1909f56bfc062723c751e8b465ee728b)  -> (artifact id: 'e18aff6582ac461c00bc27df99b0900e') in 0.024558 seconds
  Import took 0.033912 seconds .

========================================================================
Received Import Request.
  Time since last request: 856.870074 seconds.
  path: Assets/AddressableAssetsData/AssetGroups/Packed Assets.asset
  artifactKey: Guid(a3d7a1a0cf39fd64fa24ecfee63b650e) Importer(815301076,1909f56bfc062723c751e8b465ee728b)
Start importing Assets/AddressableAssetsData/AssetGroups/Packed Assets.asset using Guid(a3d7a1a0cf39fd64fa24ecfee63b650e) Importer(815301076,1909f56bfc062723c751e8b465ee728b)  -> (artifact id: 'f68a492fbd155a1185f7e3f82110d322') in 0.026941 seconds
  Import took 0.036351 seconds .

========================================================================
Received Import Request.
  Time since last request: 0.025020 seconds.
  path: Assets/AddressableAssetsData/AssetGroups/Default Local Group.asset
  artifactKey: Guid(955173209b2a0a84389491adcbce9343) Importer(815301076,1909f56bfc062723c751e8b465ee728b)
Start importing Assets/AddressableAssetsData/AssetGroups/Default Local Group.asset using Guid(955173209b2a0a84389491adcbce9343) Importer(815301076,1909f56bfc062723c751e8b465ee728b)  -> (artifact id: '13c1f20fe9335414150e0b897302c996') in 0.027042 seconds
  Import took 0.035453 seconds .

========================================================================
Received Import Request.
  Time since last request: 9.919548 seconds.
  path: Assets/AddressableAssetsData/AddressableAssetSettings.asset
  artifactKey: Guid(24dbb7718eefdaa43a7a82b97c27c599) Importer(815301076,1909f56bfc062723c751e8b465ee728b)
Start importing Assets/AddressableAssetsData/AddressableAssetSettings.asset using Guid(24dbb7718eefdaa43a7a82b97c27c599) Importer(815301076,1909f56bfc062723c751e8b465ee728b)  -> (artifact id: '4c42cacdb8f099a0515aab1d7de0cfe9') in 0.020754 seconds
  Import took 0.028689 seconds .

========================================================================
Received Import Request.
  Time since last request: 2.081609 seconds.
  path: Assets/AddressableAssetsData/AssetGroupTemplates
  artifactKey: Guid(0c159fd52202e4d4fb89a83cd5026c3f) Importer(815301076,1909f56bfc062723c751e8b465ee728b)
Start importing Assets/AddressableAssetsData/AssetGroupTemplates using Guid(0c159fd52202e4d4fb89a83cd5026c3f) Importer(815301076,1909f56bfc062723c751e8b465ee728b)  -> (artifact id: '08756458aedf82d43fa79d7b4acdbcb5') in 0.027312 seconds
  Import took 0.034286 seconds .

========================================================================
Received Import Request.
  Time since last request: 1.959881 seconds.
  path: Assets/AddressableAssetsData/AssetGroupTemplates/Packed Assets.asset
  artifactKey: Guid(54d9bdb92fcfeb74d9b36efcce882b52) Importer(815301076,1909f56bfc062723c751e8b465ee728b)
Start importing Assets/AddressableAssetsData/AssetGroupTemplates/Packed Assets.asset using Guid(54d9bdb92fcfeb74d9b36efcce882b52) Importer(815301076,1909f56bfc062723c751e8b465ee728b)  -> (artifact id: '75e29f1ae917858ae369180cbd4e3eee') in 0.005736 seconds
  Import took 0.013071 seconds .

========================================================================
Received Import Request.
  Time since last request: 2.897376 seconds.
  path: Assets/AddressableAssetsData/AssetGroups
  artifactKey: Guid(0b1025448293ffc479d7a254430beba6) Importer(815301076,1909f56bfc062723c751e8b465ee728b)
Start importing Assets/AddressableAssetsData/AssetGroups using Guid(0b1025448293ffc479d7a254430beba6) Importer(815301076,1909f56bfc062723c751e8b465ee728b)  -> (artifact id: '5863814567f46e0fa6d9fc0cad707b88') in 0.025852 seconds
  Import took 0.033050 seconds .

========================================================================
Received Import Request.
  Time since last request: 4.678224 seconds.
  path: Assets/AddressableAssetsData/Android/addressables_content_state.bin
  artifactKey: Guid(a4c338ba37caa7440bf7673e251f7d58) Importer(815301076,1909f56bfc062723c751e8b465ee728b)
Start importing Assets/AddressableAssetsData/Android/addressables_content_state.bin using Guid(a4c338ba37caa7440bf7673e251f7d58) Importer(815301076,1909f56bfc062723c751e8b465ee728b)  -> (artifact id: '010da38f39ea9bad06c1b6a06c520772') in 0.033104 seconds
  Import took 0.040447 seconds .

========================================================================
Received Import Request.
  Time since last request: 1083.366620 seconds.
  path: Assets/AddressableAssetsData/AddressableAssetSettings.asset
  artifactKey: Guid(24dbb7718eefdaa43a7a82b97c27c599) Importer(815301076,1909f56bfc062723c751e8b465ee728b)
Start importing Assets/AddressableAssetsData/AddressableAssetSettings.asset using Guid(24dbb7718eefdaa43a7a82b97c27c599) Importer(815301076,1909f56bfc062723c751e8b465ee728b)  -> (artifact id: '4781ecd050191954a53cf2bb77c77feb') in 0.031474 seconds
  Import took 0.045459 seconds .

========================================================================
Received Import Request.
  Time since last request: 0.009104 seconds.
  path: Assets/AddressableAssetsData/AddressableAssetSettings.asset
  artifactKey: Guid(24dbb7718eefdaa43a7a82b97c27c599) Importer(815301076,1909f56bfc062723c751e8b465ee728b)
Start importing Assets/AddressableAssetsData/AddressableAssetSettings.asset using Guid(24dbb7718eefdaa43a7a82b97c27c599) Importer(815301076,1909f56bfc062723c751e8b465ee728b)  -> (artifact id: '4781ecd050191954a53cf2bb77c77feb') in 0.027908 seconds
  Import took 0.036889 seconds .

========================================================================
Received Import Request.
  Time since last request: 5.936157 seconds.
  path: Assets/AddressableAssetsData/AssetGroups/Schemas/Built In Data_PlayerDataGroupSchema.asset
  artifactKey: Guid(853f9256b5e2b3b458d1cdca0c8d395d) Importer(815301076,1909f56bfc062723c751e8b465ee728b)
Start importing Assets/AddressableAssetsData/AssetGroups/Schemas/Built In Data_PlayerDataGroupSchema.asset using Guid(853f9256b5e2b3b458d1cdca0c8d395d) Importer(815301076,1909f56bfc062723c751e8b465ee728b)  -> (artifact id: '02e896adff77d144a4b9f8b762dcc9a7') in 0.047600 seconds
  Import took 0.056077 seconds .

========================================================================
Received Import Request.
  Time since last request: 0.000505 seconds.
  path: Assets/AddressableAssetsData/AssetGroups/Schemas/Packed Assets_BundledAssetGroupSchema.asset
  artifactKey: Guid(92bb767c81b304347bb54f77fcaac286) Importer(815301076,1909f56bfc062723c751e8b465ee728b)
Start importing Assets/AddressableAssetsData/AssetGroups/Schemas/Packed Assets_BundledAssetGroupSchema.asset using Guid(92bb767c81b304347bb54f77fcaac286) Importer(815301076,1909f56bfc062723c751e8b465ee728b)  -> (artifact id: 'd3fdd7aad340692df0de0a930dbb2787') in 0.048397 seconds
  Import took 0.057010 seconds .

========================================================================
Received Import Request.
  Time since last request: 0.000436 seconds.
  path: Assets/AddressableAssetsData/AssetGroups/Schemas/Packed Assets_ContentUpdateGroupSchema.asset
  artifactKey: Guid(83754081e7cb28d4796159ac49f1de4e) Importer(815301076,1909f56bfc062723c751e8b465ee728b)
Start importing Assets/AddressableAssetsData/AssetGroups/Schemas/Packed Assets_ContentUpdateGroupSchema.asset using Guid(83754081e7cb28d4796159ac49f1de4e) Importer(815301076,1909f56bfc062723c751e8b465ee728b)  -> (artifact id: 'f4d4e20c944b92afabdc0ee649217ee7') in 0.049377 seconds
  Import took 0.057122 seconds .

========================================================================
Received Import Request.
  Time since last request: 0.000400 seconds.
  path: Assets/AddressableAssetsData/AssetGroups/Schemas/Default Local Group_BundledAssetGroupSchema.asset
  artifactKey: Guid(ad9f05b0ffd7bcb4bb8ac9d4e6a901e3) Importer(815301076,1909f56bfc062723c751e8b465ee728b)
Start importing Assets/AddressableAssetsData/AssetGroups/Schemas/Default Local Group_BundledAssetGroupSchema.asset using Guid(ad9f05b0ffd7bcb4bb8ac9d4e6a901e3) Importer(815301076,1909f56bfc062723c751e8b465ee728b)  -> (artifact id: 'b9b2300fe6cc05131d234120b885d4d6') in 0.049719 seconds
  Import took 0.059796 seconds .

========================================================================
Received Import Request.
  Time since last request: 0.000733 seconds.
  path: Assets/AddressableAssetsData/AssetGroups/Schemas/Default Local Group_ContentUpdateGroupSchema.asset
  artifactKey: Guid(196367ef32a732647b9fccd6fd3972b8) Importer(815301076,1909f56bfc062723c751e8b465ee728b)
Start importing Assets/AddressableAssetsData/AssetGroups/Schemas/Default Local Group_ContentUpdateGroupSchema.asset using Guid(196367ef32a732647b9fccd6fd3972b8) Importer(815301076,1909f56bfc062723c751e8b465ee728b)  -> (artifact id: '9f11db48d66033bfe0d08c2acbdf7bcc') in 0.048011 seconds
  Import took 0.059774 seconds .

========================================================================
Received Import Request.
  Time since last request: 15.210748 seconds.
  path: Assets/AddressableAssetsData/Android/addressables_content_state.bin
  artifactKey: Guid(a4c338ba37caa7440bf7673e251f7d58) Importer(815301076,1909f56bfc062723c751e8b465ee728b)
Start importing Assets/AddressableAssetsData/Android/addressables_content_state.bin using Guid(a4c338ba37caa7440bf7673e251f7d58) Importer(815301076,1909f56bfc062723c751e8b465ee728b)  -> (artifact id: 'b43f26c0c4b862ae231fd29a086fddd9') in 0.006183 seconds
  Import took 0.013509 seconds .

========================================================================
Received Import Request.
  Time since last request: 4.240778 seconds.
  path: Assets/AddressableAssetsData/DataBuilders/BuildScriptFastMode.asset
  artifactKey: Guid(0f36daed88a001d41987dcb16324aed4) Importer(815301076,1909f56bfc062723c751e8b465ee728b)
Start importing Assets/AddressableAssetsData/DataBuilders/BuildScriptFastMode.asset using Guid(0f36daed88a001d41987dcb16324aed4) Importer(815301076,1909f56bfc062723c751e8b465ee728b)  -> (artifact id: 'ad396e7f3079be754376215bda8d6c04') in 0.029890 seconds
  Import took 0.037435 seconds .

========================================================================
Received Import Request.
  Time since last request: 0.000459 seconds.
  path: Assets/AddressableAssetsData/DataBuilders/BuildScriptPackedMode.asset
  artifactKey: Guid(0977e88156c6b2e4180fc68d7eae07cf) Importer(815301076,1909f56bfc062723c751e8b465ee728b)
Start importing Assets/AddressableAssetsData/DataBuilders/BuildScriptPackedMode.asset using Guid(0977e88156c6b2e4180fc68d7eae07cf) Importer(815301076,1909f56bfc062723c751e8b465ee728b)  -> (artifact id: '9ce727ea0771805e520c73c03d4e1ae7') in 0.040350 seconds
  Import took 0.047310 seconds .

========================================================================
Received Import Request.
  Time since last request: 0.001006 seconds.
  path: Assets/AddressableAssetsData/DataBuilders/BuildScriptVirtualMode.asset
  artifactKey: Guid(2b80efbddd9a987409cacf42d212b0a8) Importer(815301076,1909f56bfc062723c751e8b465ee728b)
Start importing Assets/AddressableAssetsData/DataBuilders/BuildScriptVirtualMode.asset using Guid(2b80efbddd9a987409cacf42d212b0a8) Importer(815301076,1909f56bfc062723c751e8b465ee728b)  -> (artifact id: 'aa94cadae36579215fad886127e9aada') in 0.036334 seconds
  Import took 0.044440 seconds .

========================================================================
Received Import Request.
  Time since last request: 0.000424 seconds.
  path: Assets/AddressableAssetsData/DataBuilders/BuildScriptPackedPlayMode.asset
  artifactKey: Guid(7b507473a0f12534d9dee68974d23151) Importer(815301076,1909f56bfc062723c751e8b465ee728b)
Start importing Assets/AddressableAssetsData/DataBuilders/BuildScriptPackedPlayMode.asset using Guid(7b507473a0f12534d9dee68974d23151) Importer(815301076,1909f56bfc062723c751e8b465ee728b)  -> (artifact id: '348452dbabba9d4bc26c11177e7b54c8') in 0.033097 seconds
  Import took 0.040458 seconds .

========================================================================
Received Import Request.
  Time since last request: 81.285905 seconds.
  path: Assets/Scripts/SpawnManager.cs
  artifactKey: Guid(6a6d9895b502c6a4883b9b07dc169814) Importer(815301076,1909f56bfc062723c751e8b465ee728b)
Start importing Assets/Scripts/SpawnManager.cs using Guid(6a6d9895b502c6a4883b9b07dc169814) Importer(815301076,1909f56bfc062723c751e8b465ee728b)  -> (artifact id: '2f176702c138f2f96cdb30aa0055aa03') in 0.046375 seconds
  Import took 0.057119 seconds .

========================================================================
Received Prepare
Registering precompiled user dll's ...
Registered in 0.027423 seconds.
Begin MonoManager ReloadAssembly
Native extension for WindowsStandalone target not found
Refreshing native plugins compatible for Editor in 2.68 ms, found 2 plugins.
Preloading 0 native plugins for Editor in 0.00 ms.
Invoked RoslynAnalysisRunner static constructor.
RoslynAnalysisRunner will not be running.
RoslynAnalysisRunner has terminated.
RefreshInfo: StopAssetImportingV2(NoUpdateAssetOptions) scanfilter: 
RefreshProfiler: Total: 0.000ms
Mono: successfully reloaded assembly
- Completed reload, in  5.958 seconds
Platform modules already initialized, skipping
Switching build target platform(5) subTarget(0) extendedPlatform(0) -> platform(13) subTarget(589824) extendedPlatform(0)
Refreshing native plugins compatible for Editor in 2.56 ms, found 2 plugins.
Preloading 0 native plugins for Editor in 0.00 ms.
Unloading 695 Unused Serialized files (Serialized files now loaded: 0)
System memory in use before: 59.6 MB.
System memory in use after: 59.7 MB.

Unloading 179 unused Assets to reduce memory usage. Loaded Objects now: 2315.
Total: 5.651800 ms (FindLiveObjects: 0.609200 ms CreateObjectMapping: 0.122700 ms MarkObjects: 4.585900 ms  DeleteObjects: 0.329900 ms)

AssetImportParameters requested are different than current active one (requested -> active):
  custom:graphics/normal-map-encoding: 01000000000000000000000000000000 -> 02000000000000000000000000000000
========================================================================
Received Prepare
Registering precompiled user dll's ...
Registered in 0.010284 seconds.
Begin MonoManager ReloadAssembly
Native extension for WindowsStandalone target not found
Refreshing native plugins compatible for Editor in 3.50 ms, found 2 plugins.
Preloading 0 native plugins for Editor in 0.00 ms.
Invoked RoslynAnalysisRunner static constructor.
RoslynAnalysisRunner will not be running.
RoslynAnalysisRunner has terminated.
RefreshInfo: StopAssetImportingV2(NoUpdateAssetOptions) scanfilter: 
RefreshProfiler: Total: 0.000ms
Mono: successfully reloaded assembly
- Completed reload, in  2.409 seconds
Platform modules already initialized, skipping
Switching build target platform(5) subTarget(0) extendedPlatform(0) -> platform(13) subTarget(589824) extendedPlatform(0)
Refreshing native plugins compatible for Editor in 2.38 ms, found 2 plugins.
Preloading 0 native plugins for Editor in 0.00 ms.
Unloading 696 Unused Serialized files (Serialized files now loaded: 0)
System memory in use before: 58.7 MB.
System memory in use after: 58.8 MB.

Unloading 64 unused Assets to reduce memory usage. Loaded Objects now: 2319.
Total: 6.360000 ms (FindLiveObjects: 0.733300 ms CreateObjectMapping: 0.134200 ms MarkObjects: 5.246300 ms  DeleteObjects: 0.242100 ms)

AssetImportParameters requested are different than current active one (requested -> active):
  custom:graphics/normal-map-encoding: 01000000000000000000000000000000 -> 02000000000000000000000000000000
========================================================================
Received Import Request.
  Time since last request: 790.382066 seconds.
  path: Assets/Editor
  artifactKey: Guid(1ea9a44d089b3b44fb2baceafd419c38) Importer(815301076,1909f56bfc062723c751e8b465ee728b)
Start importing Assets/Editor using Guid(1ea9a44d089b3b44fb2baceafd419c38) Importer(815301076,1909f56bfc062723c751e8b465ee728b)  -> (artifact id: '8d01c2cd9fbf2c438bf70463310e54aa') in 0.116229 seconds
  Import took 0.149843 seconds .

========================================================================
Received Prepare
Registering precompiled user dll's ...
Registered in 0.007852 seconds.
Begin MonoManager ReloadAssembly
Native extension for WindowsStandalone target not found
Refreshing native plugins compatible for Editor in 3.28 ms, found 2 plugins.
Preloading 0 native plugins for Editor in 0.00 ms.
Invoked RoslynAnalysisRunner static constructor.
RoslynAnalysisRunner will not be running.
RoslynAnalysisRunner has terminated.
RefreshInfo: StopAssetImportingV2(NoUpdateAssetOptions) scanfilter: 
RefreshProfiler: Total: 0.000ms
Mono: successfully reloaded assembly
- Completed reload, in  2.616 seconds
Platform modules already initialized, skipping
Switching build target platform(5) subTarget(0) extendedPlatform(0) -> platform(13) subTarget(589824) extendedPlatform(0)
Refreshing native plugins compatible for Editor in 2.50 ms, found 2 plugins.
Preloading 0 native plugins for Editor in 0.00 ms.
Unloading 697 Unused Serialized files (Serialized files now loaded: 0)
System memory in use before: 58.8 MB.
System memory in use after: 58.9 MB.

Unloading 64 unused Assets to reduce memory usage. Loaded Objects now: 2324.
Total: 34.306500 ms (FindLiveObjects: 0.563800 ms CreateObjectMapping: 0.128100 ms MarkObjects: 33.044500 ms  DeleteObjects: 0.567100 ms)

AssetImportParameters requested are different than current active one (requested -> active):
  custom:graphics/normal-map-encoding: 01000000000000000000000000000000 -> 02000000000000000000000000000000
========================================================================
Received Import Request.
  Time since last request: 40.022405 seconds.
  path: Assets/Editor/BuildAll.cs
  artifactKey: Guid(f0b167b5720ed364d9318398fdeadc00) Importer(815301076,1909f56bfc062723c751e8b465ee728b)
Start importing Assets/Editor/BuildAll.cs using Guid(f0b167b5720ed364d9318398fdeadc00) Importer(815301076,1909f56bfc062723c751e8b465ee728b)  -> (artifact id: '29a3a2ee6aec3a7ca325f2a01f380262') in 0.065091 seconds
  Import took 0.117411 seconds .

========================================================================
Received Import Request.
  Time since last request: 11.877987 seconds.
  path: Assets/Editor/BuildAssetBundles.cs
  artifactKey: Guid(f0b167b5720ed364d9318398fdeadc00) Importer(815301076,1909f56bfc062723c751e8b465ee728b)
Start importing Assets/Editor/BuildAssetBundles.cs using Guid(f0b167b5720ed364d9318398fdeadc00) Importer(815301076,1909f56bfc062723c751e8b465ee728b)  -> (artifact id: 'ff40b6a6be48b1b392331fc5ea3d9697') in 0.086497 seconds
  Import took 0.107935 seconds .

========================================================================
Received Prepare
Registering precompiled user dll's ...
Registered in 0.007187 seconds.
Begin MonoManager ReloadAssembly
Native extension for WindowsStandalone target not found
Refreshing native plugins compatible for Editor in 2.46 ms, found 2 plugins.
Preloading 0 native plugins for Editor in 0.00 ms.
Invoked RoslynAnalysisRunner static constructor.
RoslynAnalysisRunner will not be running.
RoslynAnalysisRunner has terminated.
RefreshInfo: StopAssetImportingV2(NoUpdateAssetOptions) scanfilter: 
RefreshProfiler: Total: 0.000ms
Mono: successfully reloaded assembly
- Completed reload, in  3.291 seconds
Platform modules already initialized, skipping
Switching build target platform(5) subTarget(0) extendedPlatform(0) -> platform(13) subTarget(589824) extendedPlatform(0)
Refreshing native plugins compatible for Editor in 2.44 ms, found 2 plugins.
Preloading 0 native plugins for Editor in 0.00 ms.
Unloading 696 Unused Serialized files (Serialized files now loaded: 0)
System memory in use before: 58.8 MB.
System memory in use after: 58.9 MB.

Unloading 64 unused Assets to reduce memory usage. Loaded Objects now: 2328.
Total: 5.452600 ms (FindLiveObjects: 0.557500 ms CreateObjectMapping: 0.123200 ms MarkObjects: 4.558800 ms  DeleteObjects: 0.210300 ms)

AssetImportParameters requested are different than current active one (requested -> active):
  custom:graphics/normal-map-encoding: 01000000000000000000000000000000 -> 02000000000000000000000000000000
========================================================================
Received Prepare
Registering precompiled user dll's ...
Registered in 0.009876 seconds.
Begin MonoManager ReloadAssembly
Native extension for WindowsStandalone target not found
Refreshing native plugins compatible for Editor in 2.44 ms, found 2 plugins.
Preloading 0 native plugins for Editor in 0.00 ms.
Invoked RoslynAnalysisRunner static constructor.
RoslynAnalysisRunner will not be running.
RoslynAnalysisRunner has terminated.
RefreshInfo: StopAssetImportingV2(NoUpdateAssetOptions) scanfilter: 
RefreshProfiler: Total: 0.000ms
Mono: successfully reloaded assembly
- Completed reload, in  2.488 seconds
Platform modules already initialized, skipping
Switching build target platform(5) subTarget(0) extendedPlatform(0) -> platform(13) subTarget(589824) extendedPlatform(0)
Refreshing native plugins compatible for Editor in 2.46 ms, found 2 plugins.
Preloading 0 native plugins for Editor in 0.00 ms.
Unloading 696 Unused Serialized files (Serialized files now loaded: 0)
System memory in use before: 58.8 MB.
System memory in use after: 58.9 MB.

Unloading 64 unused Assets to reduce memory usage. Loaded Objects now: 2332.
Total: 5.940100 ms (FindLiveObjects: 0.894600 ms CreateObjectMapping: 0.167200 ms MarkObjects: 4.658100 ms  DeleteObjects: 0.216800 ms)

AssetImportParameters requested are different than current active one (requested -> active):
  custom:graphics/normal-map-encoding: 01000000000000000000000000000000 -> 02000000000000000000000000000000
========================================================================
Received Import Request.
  Time since last request: 193.762058 seconds.
  path: Assets/Editor/BuildAssetBundles.cs
  artifactKey: Guid(f0b167b5720ed364d9318398fdeadc00) Importer(815301076,1909f56bfc062723c751e8b465ee728b)
Start importing Assets/Editor/BuildAssetBundles.cs using Guid(f0b167b5720ed364d9318398fdeadc00) Importer(815301076,1909f56bfc062723c751e8b465ee728b)  -> (artifact id: '8f887aad468e63b53428a01720e2216a') in 0.009823 seconds
  Import took 0.020778 seconds .

========================================================================
Received Import Request.
  Time since last request: 135.377844 seconds.
  path: Assets/AssetBundles
  artifactKey: Guid(20eb2a9455cf3af4b9f0bfe19df27405) Importer(815301076,1909f56bfc062723c751e8b465ee728b)
Start importing Assets/AssetBundles using Guid(20eb2a9455cf3af4b9f0bfe19df27405) Importer(815301076,1909f56bfc062723c751e8b465ee728b)  -> (artifact id: '87d38dd60be411e8114ecbbb4e174113') in 0.109823 seconds
  Import took 0.142763 seconds .

========================================================================
Received Prepare
Refreshing native plugins compatible for Editor in 32.68 ms, found 2 plugins.
Preloading 0 native plugins for Editor in 0.00 ms.
Unloading 61 Unused Serialized files (Serialized files now loaded: 0)
System memory in use before: 46.3 MB.
System memory in use after: 46.4 MB.

Unloading 61 unused Assets to reduce memory usage. Loaded Objects now: 2332.
Total: 6.223000 ms (FindLiveObjects: 0.583000 ms CreateObjectMapping: 0.122800 ms MarkObjects: 5.296900 ms  DeleteObjects: 0.216100 ms)

========================================================================
Received Prepare
Registering precompiled user dll's ...
Registered in 0.008047 seconds.
Begin MonoManager ReloadAssembly
Native extension for WindowsStandalone target not found
Refreshing native plugins compatible for Editor in 3.65 ms, found 2 plugins.
Preloading 0 native plugins for Editor in 0.00 ms.
Invoked RoslynAnalysisRunner static constructor.
RoslynAnalysisRunner will not be running.
RoslynAnalysisRunner has terminated.
RefreshInfo: StopAssetImportingV2(NoUpdateAssetOptions) scanfilter: 
RefreshProfiler: Total: 0.000ms
Mono: successfully reloaded assembly
- Completed reload, in  2.884 seconds
Platform modules already initialized, skipping
Switching build target platform(5) subTarget(0) extendedPlatform(0) -> platform(13) subTarget(589824) extendedPlatform(0)
Refreshing native plugins compatible for Editor in 2.74 ms, found 2 plugins.
Preloading 0 native plugins for Editor in 0.00 ms.
Unloading 696 Unused Serialized files (Serialized files now loaded: 0)
System memory in use before: 58.8 MB.
System memory in use after: 58.9 MB.

Unloading 64 unused Assets to reduce memory usage. Loaded Objects now: 2336.
Total: 7.291900 ms (FindLiveObjects: 1.591300 ms CreateObjectMapping: 0.246500 ms MarkObjects: 5.231600 ms  DeleteObjects: 0.218100 ms)

AssetImportParameters requested are different than current active one (requested -> active):
  custom:graphics/normal-map-encoding: 01000000000000000000000000000000 -> 02000000000000000000000000000000
========================================================================
Received Prepare
Registering precompiled user dll's ...
Registered in 0.012117 seconds.
Begin MonoManager ReloadAssembly
Native extension for WindowsStandalone target not found
Refreshing native plugins compatible for Editor in 2.96 ms, found 2 plugins.
Preloading 0 native plugins for Editor in 0.00 ms.
Invoked RoslynAnalysisRunner static constructor.
RoslynAnalysisRunner will not be running.
RoslynAnalysisRunner has terminated.
RefreshInfo: StopAssetImportingV2(NoUpdateAssetOptions) scanfilter: 
RefreshProfiler: Total: 0.000ms
Mono: successfully reloaded assembly
- Completed reload, in  2.978 seconds
Platform modules already initialized, skipping
Switching build target platform(5) subTarget(0) extendedPlatform(0) -> platform(13) subTarget(589824) extendedPlatform(0)
Refreshing native plugins compatible for Editor in 5.10 ms, found 2 plugins.
Preloading 0 native plugins for Editor in 0.00 ms.
Unloading 696 Unused Serialized files (Serialized files now loaded: 0)
System memory in use before: 58.8 MB.
System memory in use after: 58.9 MB.

Unloading 64 unused Assets to reduce memory usage. Loaded Objects now: 2340.
Total: 5.891300 ms (FindLiveObjects: 0.585700 ms CreateObjectMapping: 0.122900 ms MarkObjects: 4.913800 ms  DeleteObjects: 0.265300 ms)

AssetImportParameters requested are different than current active one (requested -> active):
  custom:graphics/normal-map-encoding: 01000000000000000000000000000000 -> 02000000000000000000000000000000
========================================================================
Received Import Request.
  Time since last request: 726.711607 seconds.
  path: Assets/Scripts/SoundManager.cs
  artifactKey: Guid(18d8d4d77a691ae448b48ec1a59be462) Importer(815301076,1909f56bfc062723c751e8b465ee728b)
Start importing Assets/Scripts/SoundManager.cs using Guid(18d8d4d77a691ae448b48ec1a59be462) Importer(815301076,1909f56bfc062723c751e8b465ee728b)  -> (artifact id: '797c6828bbb83363f57817cb299d0779') in 0.033585 seconds
  Import took 0.040256 seconds .

========================================================================
Received Import Request.
  Time since last request: 110.378485 seconds.
  path: Assets/Settings/Settings.asset
  artifactKey: Guid(28735117856b41e4b8ee514fc7ad8056) Importer(815301076,1909f56bfc062723c751e8b465ee728b)
Start importing Assets/Settings/Settings.asset using Guid(28735117856b41e4b8ee514fc7ad8056) Importer(815301076,1909f56bfc062723c751e8b465ee728b)  -> (artifact id: 'dee1dff2a9458433bdf27683cec54384') in 0.094221 seconds
  Import took 0.109661 seconds .

========================================================================
Received Prepare
Registering precompiled user dll's ...
Registered in 0.024307 seconds.
Begin MonoManager ReloadAssembly
Native extension for WindowsStandalone target not found
Refreshing native plugins compatible for Editor in 3.78 ms, found 2 plugins.
Preloading 0 native plugins for Editor in 0.01 ms.
Invoked RoslynAnalysisRunner static constructor.
RoslynAnalysisRunner will not be running.
RoslynAnalysisRunner has terminated.
RefreshInfo: StopAssetImportingV2(NoUpdateAssetOptions) scanfilter: 
RefreshProfiler: Total: 0.000ms
Mono: successfully reloaded assembly
- Completed reload, in  4.258 seconds
Platform modules already initialized, skipping
Switching build target platform(5) subTarget(0) extendedPlatform(0) -> platform(13) subTarget(589824) extendedPlatform(0)
Refreshing native plugins compatible for Editor in 2.92 ms, found 2 plugins.
Preloading 0 native plugins for Editor in 0.00 ms.
Unloading 696 Unused Serialized files (Serialized files now loaded: 0)
System memory in use before: 58.9 MB.
System memory in use after: 59.0 MB.

Unloading 64 unused Assets to reduce memory usage. Loaded Objects now: 2344.
Total: 5.462800 ms (FindLiveObjects: 0.764300 ms CreateObjectMapping: 0.130900 ms MarkObjects: 4.351000 ms  DeleteObjects: 0.213400 ms)

AssetImportParameters requested are different than current active one (requested -> active):
  custom:graphics/normal-map-encoding: 01000000000000000000000000000000 -> 02000000000000000000000000000000
========================================================================
Received Prepare
Refreshing native plugins compatible for Editor in 39.42 ms, found 2 plugins.
Preloading 0 native plugins for Editor in 0.00 ms.
Unloading 61 Unused Serialized files (Serialized files now loaded: 0)
System memory in use before: 46.4 MB.
System memory in use after: 46.5 MB.

Unloading 60 unused Assets to reduce memory usage. Loaded Objects now: 2345.
Total: 24.595600 ms (FindLiveObjects: 16.675500 ms CreateObjectMapping: 0.252200 ms MarkObjects: 7.425200 ms  DeleteObjects: 0.238400 ms)

========================================================================
Received Prepare
Registering precompiled user dll's ...
Registered in 0.026179 seconds.
Begin MonoManager ReloadAssembly
Native extension for WindowsStandalone target not found
Refreshing native plugins compatible for Editor in 2.56 ms, found 2 plugins.
Preloading 0 native plugins for Editor in 0.00 ms.
Invoked RoslynAnalysisRunner static constructor.
RoslynAnalysisRunner will not be running.
RoslynAnalysisRunner has terminated.
RefreshInfo: StopAssetImportingV2(NoUpdateAssetOptions) scanfilter: 
RefreshProfiler: Total: 0.000ms
Mono: successfully reloaded assembly
- Completed reload, in  2.377 seconds
Platform modules already initialized, skipping
Switching build target platform(5) subTarget(0) extendedPlatform(0) -> platform(13) subTarget(589824) extendedPlatform(0)
Refreshing native plugins compatible for Editor in 3.26 ms, found 2 plugins.
Preloading 0 native plugins for Editor in 0.00 ms.
Unloading 695 Unused Serialized files (Serialized files now loaded: 0)
System memory in use before: 58.7 MB.
System memory in use after: 58.8 MB.

Unloading 64 unused Assets to reduce memory usage. Loaded Objects now: 2348.
Total: 5.335900 ms (FindLiveObjects: 0.612200 ms CreateObjectMapping: 0.126700 ms MarkObjects: 4.372600 ms  DeleteObjects: 0.220600 ms)

AssetImportParameters requested are different than current active one (requested -> active):
  custom:graphics/normal-map-encoding: 01000000000000000000000000000000 -> 02000000000000000000000000000000
========================================================================
Received Prepare
Refreshing native plugins compatible for Editor in 73.93 ms, found 2 plugins.
Preloading 0 native plugins for Editor in 0.00 ms.
Unloading 61 Unused Serialized files (Serialized files now loaded: 0)
System memory in use before: 46.3 MB.
System memory in use after: 46.4 MB.

Unloading 60 unused Assets to reduce memory usage. Loaded Objects now: 2349.
Total: 14.163600 ms (FindLiveObjects: 2.330700 ms CreateObjectMapping: 0.671700 ms MarkObjects: 10.945600 ms  DeleteObjects: 0.211400 ms)

========================================================================
Received Prepare
Registering precompiled user dll's ...
Registered in 0.014897 seconds.
Begin MonoManager ReloadAssembly
Native extension for WindowsStandalone target not found
Refreshing native plugins compatible for Editor in 2.43 ms, found 2 plugins.
Preloading 0 native plugins for Editor in 0.00 ms.
Invoked RoslynAnalysisRunner static constructor.
RoslynAnalysisRunner will not be running.
RoslynAnalysisRunner has terminated.
RefreshInfo: StopAssetImportingV2(NoUpdateAssetOptions) scanfilter: 
RefreshProfiler: Total: 0.000ms
Mono: successfully reloaded assembly
- Completed reload, in  2.822 seconds
Platform modules already initialized, skipping
Switching build target platform(5) subTarget(0) extendedPlatform(0) -> platform(13) subTarget(589824) extendedPlatform(0)
Refreshing native plugins compatible for Editor in 2.42 ms, found 2 plugins.
Preloading 0 native plugins for Editor in 0.00 ms.
Unloading 695 Unused Serialized files (Serialized files now loaded: 0)
System memory in use before: 58.8 MB.
System memory in use after: 58.8 MB.

Unloading 63 unused Assets to reduce memory usage. Loaded Objects now: 2353.
Total: 5.356700 ms (FindLiveObjects: 0.605600 ms CreateObjectMapping: 0.118400 ms MarkObjects: 4.430700 ms  DeleteObjects: 0.198800 ms)

AssetImportParameters requested are different than current active one (requested -> active):
  custom:graphics/normal-map-encoding: 01000000000000000000000000000000 -> 02000000000000000000000000000000
========================================================================
Received Prepare
Refreshing native plugins compatible for Editor in 34.87 ms, found 2 plugins.
Preloading 0 native plugins for Editor in 0.00 ms.
Unloading 60 Unused Serialized files (Serialized files now loaded: 0)
System memory in use before: 46.3 MB.
System memory in use after: 46.4 MB.

Unloading 60 unused Assets to reduce memory usage. Loaded Objects now: 2353.
Total: 5.800700 ms (FindLiveObjects: 0.725400 ms CreateObjectMapping: 0.144600 ms MarkObjects: 4.724900 ms  DeleteObjects: 0.202100 ms)

========================================================================
Received Prepare
Registering precompiled user dll's ...
Registered in 0.009429 seconds.
Begin MonoManager ReloadAssembly
Native extension for WindowsStandalone target not found
Refreshing native plugins compatible for Editor in 4.09 ms, found 2 plugins.
Preloading 0 native plugins for Editor in 0.00 ms.
Invoked RoslynAnalysisRunner static constructor.
RoslynAnalysisRunner will not be running.
RoslynAnalysisRunner has terminated.
RefreshInfo: StopAssetImportingV2(NoUpdateAssetOptions) scanfilter: 
RefreshProfiler: Total: 0.000ms
Mono: successfully reloaded assembly
- Completed reload, in  2.658 seconds
Platform modules already initialized, skipping
Switching build target platform(5) subTarget(0) extendedPlatform(0) -> platform(13) subTarget(589824) extendedPlatform(0)
Refreshing native plugins compatible for Editor in 2.46 ms, found 2 plugins.
Preloading 0 native plugins for Editor in 0.00 ms.
Unloading 695 Unused Serialized files (Serialized files now loaded: 0)
System memory in use before: 58.8 MB.
System memory in use after: 58.9 MB.

Unloading 63 unused Assets to reduce memory usage. Loaded Objects now: 2357.
Total: 7.959300 ms (FindLiveObjects: 0.602900 ms CreateObjectMapping: 0.136400 ms MarkObjects: 6.949300 ms  DeleteObjects: 0.266400 ms)

AssetImportParameters requested are different than current active one (requested -> active):
  custom:graphics/normal-map-encoding: 01000000000000000000000000000000 -> 02000000000000000000000000000000
========================================================================
Received Prepare
Refreshing native plugins compatible for Editor in 41.52 ms, found 2 plugins.
Preloading 0 native plugins for Editor in 0.00 ms.
Unloading 60 Unused Serialized files (Serialized files now loaded: 0)
System memory in use before: 46.3 MB.
System memory in use after: 46.4 MB.

Unloading 60 unused Assets to reduce memory usage. Loaded Objects now: 2357.
Total: 6.110000 ms (FindLiveObjects: 0.724700 ms CreateObjectMapping: 0.172500 ms MarkObjects: 4.988200 ms  DeleteObjects: 0.221100 ms)

========================================================================
Received Prepare
Registering precompiled user dll's ...
Registered in 0.009488 seconds.
Begin MonoManager ReloadAssembly
Native extension for WindowsStandalone target not found
Refreshing native plugins compatible for Editor in 3.83 ms, found 2 plugins.
Preloading 0 native plugins for Editor in 0.00 ms.
Invoked RoslynAnalysisRunner static constructor.
RoslynAnalysisRunner will not be running.
RoslynAnalysisRunner has terminated.
RefreshInfo: StopAssetImportingV2(NoUpdateAssetOptions) scanfilter: 
RefreshProfiler: Total: 0.000ms
Mono: successfully reloaded assembly
- Completed reload, in  2.367 seconds
Platform modules already initialized, skipping
Switching build target platform(5) subTarget(0) extendedPlatform(0) -> platform(13) subTarget(589824) extendedPlatform(0)
Refreshing native plugins compatible for Editor in 2.70 ms, found 2 plugins.
Preloading 0 native plugins for Editor in 0.00 ms.
Unloading 695 Unused Serialized files (Serialized files now loaded: 0)
System memory in use before: 58.8 MB.
System memory in use after: 58.9 MB.

Unloading 63 unused Assets to reduce memory usage. Loaded Objects now: 2361.
Total: 6.172300 ms (FindLiveObjects: 0.722200 ms CreateObjectMapping: 0.166900 ms MarkObjects: 5.062300 ms  DeleteObjects: 0.217400 ms)

AssetImportParameters requested are different than current active one (requested -> active):
  custom:graphics/normal-map-encoding: 01000000000000000000000000000000 -> 02000000000000000000000000000000
========================================================================
Received Prepare
Refreshing native plugins compatible for Editor in 266.09 ms, found 2 plugins.
Preloading 0 native plugins for Editor in 0.00 ms.
Unloading 60 Unused Serialized files (Serialized files now loaded: 0)
System memory in use before: 46.3 MB.
System memory in use after: 46.4 MB.

Unloading 60 unused Assets to reduce memory usage. Loaded Objects now: 2361.
Total: 11.210500 ms (FindLiveObjects: 0.688600 ms CreateObjectMapping: 0.317700 ms MarkObjects: 9.991000 ms  DeleteObjects: 0.209700 ms)

========================================================================
Received Prepare
Registering precompiled user dll's ...
Registered in 0.007655 seconds.
Begin MonoManager ReloadAssembly
Native extension for WindowsStandalone target not found
Refreshing native plugins compatible for Editor in 2.44 ms, found 2 plugins.
Preloading 0 native plugins for Editor in 0.00 ms.
Invoked RoslynAnalysisRunner static constructor.
RoslynAnalysisRunner will not be running.
RoslynAnalysisRunner has terminated.
RefreshInfo: StopAssetImportingV2(NoUpdateAssetOptions) scanfilter: 
RefreshProfiler: Total: 0.000ms
Mono: successfully reloaded assembly
- Completed reload, in  2.546 seconds
Platform modules already initialized, skipping
Switching build target platform(5) subTarget(0) extendedPlatform(0) -> platform(13) subTarget(589824) extendedPlatform(0)
Refreshing native plugins compatible for Editor in 2.42 ms, found 2 plugins.
Preloading 0 native plugins for Editor in 0.00 ms.
Unloading 695 Unused Serialized files (Serialized files now loaded: 0)
System memory in use before: 58.8 MB.
System memory in use after: 58.9 MB.

Unloading 63 unused Assets to reduce memory usage. Loaded Objects now: 2365.
Total: 5.817600 ms (FindLiveObjects: 0.705300 ms CreateObjectMapping: 0.179100 ms MarkObjects: 4.730400 ms  DeleteObjects: 0.199800 ms)

AssetImportParameters requested are different than current active one (requested -> active):
  custom:graphics/normal-map-encoding: 01000000000000000000000000000000 -> 02000000000000000000000000000000
========================================================================
Received Prepare
Registering precompiled user dll's ...
Registered in 0.006996 seconds.
Begin MonoManager ReloadAssembly
Native extension for WindowsStandalone target not found
Refreshing native plugins compatible for Editor in 2.58 ms, found 2 plugins.
Preloading 0 native plugins for Editor in 0.00 ms.
Invoked RoslynAnalysisRunner static constructor.
RoslynAnalysisRunner will not be running.
RoslynAnalysisRunner has terminated.
RefreshInfo: StopAssetImportingV2(NoUpdateAssetOptions) scanfilter: 
RefreshProfiler: Total: 0.000ms
Mono: successfully reloaded assembly
- Completed reload, in  2.550 seconds
Platform modules already initialized, skipping
Switching build target platform(5) subTarget(0) extendedPlatform(0) -> platform(13) subTarget(589824) extendedPlatform(0)
Refreshing native plugins compatible for Editor in 2.41 ms, found 2 plugins.
Preloading 0 native plugins for Editor in 0.00 ms.
Unloading 695 Unused Serialized files (Serialized files now loaded: 0)
System memory in use before: 58.8 MB.
System memory in use after: 58.9 MB.

Unloading 63 unused Assets to reduce memory usage. Loaded Objects now: 2369.
Total: 5.804400 ms (FindLiveObjects: 0.629700 ms CreateObjectMapping: 0.120000 ms MarkObjects: 4.853700 ms  DeleteObjects: 0.198000 ms)

AssetImportParameters requested are different than current active one (requested -> active):
  custom:graphics/normal-map-encoding: 01000000000000000000000000000000 -> 02000000000000000000000000000000
========================================================================
Received Prepare
Registering precompiled user dll's ...
Registered in 0.011922 seconds.
Begin MonoManager ReloadAssembly
Native extension for WindowsStandalone target not found
Refreshing native plugins compatible for Editor in 2.47 ms, found 2 plugins.
Preloading 0 native plugins for Editor in 0.00 ms.
Invoked RoslynAnalysisRunner static constructor.
RoslynAnalysisRunner will not be running.
RoslynAnalysisRunner has terminated.
RefreshInfo: StopAssetImportingV2(NoUpdateAssetOptions) scanfilter: 
RefreshProfiler: Total: 0.000ms
Mono: successfully reloaded assembly
- Completed reload, in  2.700 seconds
Platform modules already initialized, skipping
Switching build target platform(5) subTarget(0) extendedPlatform(0) -> platform(13) subTarget(589824) extendedPlatform(0)
Refreshing native plugins compatible for Editor in 3.13 ms, found 2 plugins.
Preloading 0 native plugins for Editor in 0.00 ms.
Unloading 695 Unused Serialized files (Serialized files now loaded: 0)
System memory in use before: 58.8 MB.
System memory in use after: 58.9 MB.

Unloading 63 unused Assets to reduce memory usage. Loaded Objects now: 2373.
Total: 8.995600 ms (FindLiveObjects: 0.606600 ms CreateObjectMapping: 2.409600 ms MarkObjects: 5.778100 ms  DeleteObjects: 0.197000 ms)

AssetImportParameters requested are different than current active one (requested -> active):
  custom:graphics/normal-map-encoding: 01000000000000000000000000000000 -> 02000000000000000000000000000000
AssetImportWorkerClient::OnTransportError - code=2 error=End of file
